<?xml version="1.0" encoding="UTF-8"?>
<testng-results ignored="0" total="8" passed="8" failed="0" skipped="0">
  <reporter-output>
  </reporter-output>
  <suite started-at="2023-02-09T16:18:50 IST" name="SuiteTest" finished-at="2023-02-09T16:19:29 IST" duration-ms="38284">
    <groups>
    </groups>
    <test started-at="2023-02-09T16:18:50 IST" name="chromeTest" finished-at="2023-02-09T16:19:08 IST" duration-ms="18223">
      <class name="TestNGNew.TestNGlinksCombine_New">
        <test-method is-config="true" signature="openBrowserLaunchApplication(java.lang.String)[pri:0, instance:TestNGNew.TestNGlinksCombine_New@43195e57]" started-at="2023-02-09T16:18:50 IST" name="openBrowserLaunchApplication" finished-at="2023-02-09T16:18:53 IST" duration-ms="2787" status="PASS">
          <params>
            <param index="0">
              <value>
                <![CDATA[chrome]]>
              </value>
            </param>
          </params>
          <reporter-output>
          </reporter-output>
        </test-method> <!-- openBrowserLaunchApplication -->
        <test-method is-config="true" signature="beforeClass()[pri:0, instance:TestNGNew.TestNGlinksCombine_New@43195e57]" started-at="2023-02-09T16:18:53 IST" name="beforeClass" finished-at="2023-02-09T16:18:53 IST" duration-ms="102" status="PASS">
          <reporter-output>
          </reporter-output>
        </test-method> <!-- beforeClass -->
        <test-method is-config="true" signature="clickOnLoginButton()[pri:0, instance:TestNGNew.TestNGlinksCombine_New@43195e57]" started-at="2023-02-09T16:18:53 IST" name="clickOnLoginButton" finished-at="2023-02-09T16:18:55 IST" duration-ms="2239" status="PASS">
          <reporter-output>
          </reporter-output>
        </test-method> <!-- clickOnLoginButton -->
        <test-method signature="clickOnTermsLink()[pri:0, instance:TestNGNew.TestNGlinksCombine_New@43195e57]" started-at="2023-02-09T16:18:55 IST" name="clickOnTermsLink" finished-at="2023-02-09T16:18:59 IST" duration-ms="3055" status="PASS">
          <reporter-output>
          </reporter-output>
        </test-method> <!-- clickOnTermsLink -->
        <test-method is-config="true" signature="backtoHomepage2()[pri:0, instance:TestNGNew.TestNGlinksCombine_New@43195e57]" started-at="2023-02-09T16:18:59 IST" name="backtoHomepage2" finished-at="2023-02-09T16:18:59 IST" duration-ms="54" status="PASS">
          <reporter-output>
          </reporter-output>
        </test-method> <!-- backtoHomepage2 -->
        <test-method is-config="true" signature="clickOnLoginButton()[pri:0, instance:TestNGNew.TestNGlinksCombine_New@43195e57]" started-at="2023-02-09T16:18:59 IST" name="clickOnLoginButton" finished-at="2023-02-09T16:19:00 IST" duration-ms="930" status="PASS">
          <reporter-output>
          </reporter-output>
        </test-method> <!-- clickOnLoginButton -->
        <test-method signature="clickOnPrivacypolicy()[pri:1, instance:TestNGNew.TestNGlinksCombine_New@43195e57]" started-at="2023-02-09T16:19:00 IST" name="clickOnPrivacypolicy" finished-at="2023-02-09T16:19:00 IST" duration-ms="827" status="PASS">
          <reporter-output>
          </reporter-output>
        </test-method> <!-- clickOnPrivacypolicy -->
        <test-method is-config="true" signature="backtoHomepage2()[pri:0, instance:TestNGNew.TestNGlinksCombine_New@43195e57]" started-at="2023-02-09T16:19:00 IST" name="backtoHomepage2" finished-at="2023-02-09T16:19:00 IST" duration-ms="33" status="PASS">
          <reporter-output>
          </reporter-output>
        </test-method> <!-- backtoHomepage2 -->
        <test-method is-config="true" signature="clickOnLoginButton()[pri:0, instance:TestNGNew.TestNGlinksCombine_New@43195e57]" started-at="2023-02-09T16:19:00 IST" name="clickOnLoginButton" finished-at="2023-02-09T16:19:01 IST" duration-ms="929" status="PASS">
          <reporter-output>
          </reporter-output>
        </test-method> <!-- clickOnLoginButton -->
        <test-method signature="clickOnCookiesPolicyLink()[pri:2, instance:TestNGNew.TestNGlinksCombine_New@43195e57]" started-at="2023-02-09T16:19:01 IST" name="clickOnCookiesPolicyLink" finished-at="2023-02-09T16:19:02 IST" duration-ms="936" status="PASS">
          <reporter-output>
          </reporter-output>
        </test-method> <!-- clickOnCookiesPolicyLink -->
        <test-method is-config="true" signature="backtoHomepage2()[pri:0, instance:TestNGNew.TestNGlinksCombine_New@43195e57]" started-at="2023-02-09T16:19:02 IST" name="backtoHomepage2" finished-at="2023-02-09T16:19:02 IST" duration-ms="41" status="PASS">
          <reporter-output>
          </reporter-output>
        </test-method> <!-- backtoHomepage2 -->
        <test-method is-config="true" signature="clickOnLoginButton()[pri:0, instance:TestNGNew.TestNGlinksCombine_New@43195e57]" started-at="2023-02-09T16:19:02 IST" name="clickOnLoginButton" finished-at="2023-02-09T16:19:03 IST" duration-ms="956" status="PASS">
          <reporter-output>
          </reporter-output>
        </test-method> <!-- clickOnLoginButton -->
        <test-method signature="signupComplete()[pri:3, instance:TestNGNew.TestNGlinksCombine_New@43195e57]" started-at="2023-02-09T16:19:03 IST" name="signupComplete" finished-at="2023-02-09T16:19:07 IST" duration-ms="4163" status="PASS">
          <reporter-output>
          </reporter-output>
        </test-method> <!-- signupComplete -->
        <test-method is-config="true" signature="backtoHomepage2()[pri:0, instance:TestNGNew.TestNGlinksCombine_New@43195e57]" started-at="2023-02-09T16:19:07 IST" name="backtoHomepage2" finished-at="2023-02-09T16:19:07 IST" duration-ms="13" status="PASS">
          <reporter-output>
          </reporter-output>
        </test-method> <!-- backtoHomepage2 -->
        <test-method is-config="true" signature="afterClass()[pri:0, instance:TestNGNew.TestNGlinksCombine_New@43195e57]" started-at="2023-02-09T16:19:07 IST" name="afterClass" finished-at="2023-02-09T16:19:07 IST" duration-ms="0" status="PASS">
          <reporter-output>
          </reporter-output>
        </test-method> <!-- afterClass -->
        <test-method is-config="true" signature="afterTest()[pri:0, instance:TestNGNew.TestNGlinksCombine_New@43195e57]" started-at="2023-02-09T16:19:07 IST" name="afterTest" finished-at="2023-02-09T16:19:08 IST" duration-ms="1027" status="PASS">
          <reporter-output>
          </reporter-output>
        </test-method> <!-- afterTest -->
      </class> <!-- TestNGNew.TestNGlinksCombine_New -->
    </test> <!-- chromeTest -->
    <test started-at="2023-02-09T16:19:08 IST" name="edgeTest" finished-at="2023-02-09T16:19:29 IST" duration-ms="20029">
      <class name="TestNGNew.TestNGlinksCombine_New">
        <test-method is-config="true" signature="openBrowserLaunchApplication(java.lang.String)[pri:0, instance:TestNGNew.TestNGlinksCombine_New@222545dc]" started-at="2023-02-09T16:19:08 IST" name="openBrowserLaunchApplication" finished-at="2023-02-09T16:19:11 IST" duration-ms="2865" status="PASS">
          <params>
            <param index="0">
              <value>
                <![CDATA[edge]]>
              </value>
            </param>
          </params>
          <reporter-output>
          </reporter-output>
        </test-method> <!-- openBrowserLaunchApplication -->
        <test-method is-config="true" signature="beforeClass()[pri:0, instance:TestNGNew.TestNGlinksCombine_New@222545dc]" started-at="2023-02-09T16:19:11 IST" name="beforeClass" finished-at="2023-02-09T16:19:11 IST" duration-ms="3" status="PASS">
          <reporter-output>
          </reporter-output>
        </test-method> <!-- beforeClass -->
        <test-method is-config="true" signature="clickOnLoginButton()[pri:0, instance:TestNGNew.TestNGlinksCombine_New@222545dc]" started-at="2023-02-09T16:19:11 IST" name="clickOnLoginButton" finished-at="2023-02-09T16:19:14 IST" duration-ms="2938" status="PASS">
          <reporter-output>
          </reporter-output>
        </test-method> <!-- clickOnLoginButton -->
        <test-method signature="clickOnTermsLink()[pri:0, instance:TestNGNew.TestNGlinksCombine_New@222545dc]" started-at="2023-02-09T16:19:14 IST" name="clickOnTermsLink" finished-at="2023-02-09T16:19:17 IST" duration-ms="2874" status="PASS">
          <reporter-output>
          </reporter-output>
        </test-method> <!-- clickOnTermsLink -->
        <test-method is-config="true" signature="backtoHomepage2()[pri:0, instance:TestNGNew.TestNGlinksCombine_New@222545dc]" started-at="2023-02-09T16:19:17 IST" name="backtoHomepage2" finished-at="2023-02-09T16:19:17 IST" duration-ms="37" status="PASS">
          <reporter-output>
          </reporter-output>
        </test-method> <!-- backtoHomepage2 -->
        <test-method is-config="true" signature="clickOnLoginButton()[pri:0, instance:TestNGNew.TestNGlinksCombine_New@222545dc]" started-at="2023-02-09T16:19:17 IST" name="clickOnLoginButton" finished-at="2023-02-09T16:19:19 IST" duration-ms="1879" status="PASS">
          <reporter-output>
          </reporter-output>
        </test-method> <!-- clickOnLoginButton -->
        <test-method signature="clickOnPrivacypolicy()[pri:1, instance:TestNGNew.TestNGlinksCombine_New@222545dc]" started-at="2023-02-09T16:19:19 IST" name="clickOnPrivacypolicy" finished-at="2023-02-09T16:19:20 IST" duration-ms="825" status="PASS">
          <reporter-output>
          </reporter-output>
        </test-method> <!-- clickOnPrivacypolicy -->
        <test-method is-config="true" signature="backtoHomepage2()[pri:0, instance:TestNGNew.TestNGlinksCombine_New@222545dc]" started-at="2023-02-09T16:19:20 IST" name="backtoHomepage2" finished-at="2023-02-09T16:19:20 IST" duration-ms="50" status="PASS">
          <reporter-output>
          </reporter-output>
        </test-method> <!-- backtoHomepage2 -->
        <test-method is-config="true" signature="clickOnLoginButton()[pri:0, instance:TestNGNew.TestNGlinksCombine_New@222545dc]" started-at="2023-02-09T16:19:20 IST" name="clickOnLoginButton" finished-at="2023-02-09T16:19:22 IST" duration-ms="1958" status="PASS">
          <reporter-output>
          </reporter-output>
        </test-method> <!-- clickOnLoginButton -->
        <test-method signature="clickOnCookiesPolicyLink()[pri:2, instance:TestNGNew.TestNGlinksCombine_New@222545dc]" started-at="2023-02-09T16:19:22 IST" name="clickOnCookiesPolicyLink" finished-at="2023-02-09T16:19:23 IST" duration-ms="1150" status="PASS">
          <reporter-output>
          </reporter-output>
        </test-method> <!-- clickOnCookiesPolicyLink -->
        <test-method is-config="true" signature="backtoHomepage2()[pri:0, instance:TestNGNew.TestNGlinksCombine_New@222545dc]" started-at="2023-02-09T16:19:23 IST" name="backtoHomepage2" finished-at="2023-02-09T16:19:23 IST" duration-ms="51" status="PASS">
          <reporter-output>
          </reporter-output>
        </test-method> <!-- backtoHomepage2 -->
        <test-method is-config="true" signature="clickOnLoginButton()[pri:0, instance:TestNGNew.TestNGlinksCombine_New@222545dc]" started-at="2023-02-09T16:19:23 IST" name="clickOnLoginButton" finished-at="2023-02-09T16:19:26 IST" duration-ms="2483" status="PASS">
          <reporter-output>
          </reporter-output>
        </test-method> <!-- clickOnLoginButton -->
        <test-method signature="signupComplete()[pri:3, instance:TestNGNew.TestNGlinksCombine_New@222545dc]" started-at="2023-02-09T16:19:26 IST" name="signupComplete" finished-at="2023-02-09T16:19:28 IST" duration-ms="2476" status="PASS">
          <reporter-output>
          </reporter-output>
        </test-method> <!-- signupComplete -->
        <test-method is-config="true" signature="backtoHomepage2()[pri:0, instance:TestNGNew.TestNGlinksCombine_New@222545dc]" started-at="2023-02-09T16:19:28 IST" name="backtoHomepage2" finished-at="2023-02-09T16:19:28 IST" duration-ms="14" status="PASS">
          <reporter-output>
          </reporter-output>
        </test-method> <!-- backtoHomepage2 -->
        <test-method is-config="true" signature="afterClass()[pri:0, instance:TestNGNew.TestNGlinksCombine_New@222545dc]" started-at="2023-02-09T16:19:28 IST" name="afterClass" finished-at="2023-02-09T16:19:28 IST" duration-ms="0" status="PASS">
          <reporter-output>
          </reporter-output>
        </test-method> <!-- afterClass -->
        <test-method is-config="true" signature="afterTest()[pri:0, instance:TestNGNew.TestNGlinksCombine_New@222545dc]" started-at="2023-02-09T16:19:28 IST" name="afterTest" finished-at="2023-02-09T16:19:29 IST" duration-ms="409" status="PASS">
          <reporter-output>
          </reporter-output>
        </test-method> <!-- afterTest -->
      </class> <!-- TestNGNew.TestNGlinksCombine_New -->
    </test> <!-- edgeTest -->
  </suite> <!-- SuiteTest -->
</testng-results>
