<?xml version="1.0" encoding="UTF-8"?>
<!-- Generated by org.testng.reporters.JUnitXMLReporter -->
<testsuite ignored="0" hostname="abhijet" failures="0" tests="4" name="chromeTest" time="18.223" errors="0" timestamp="2023-02-09T16:19:08 IST">
  <testcase classname="TestNGNew.TestNGlinksCombine_New" name="clickOnTermsLink" time="3.055"/>
  <testcase classname="TestNGNew.TestNGlinksCombine_New" name="clickOnPrivacypolicy" time="0.827"/>
  <testcase classname="TestNGNew.TestNGlinksCombine_New" name="clickOnCookiesPolicyLink" time="0.936"/>
  <testcase classname="TestNGNew.TestNGlinksCombine_New" name="signupComplete" time="4.163"/>
</testsuite> <!-- chromeTest -->
