<?xml version="1.0" encoding="UTF-8"?>
<!-- Generated by org.testng.reporters.JUnitXMLReporter -->
<testsuite ignored="0" hostname="abhijet" failures="0" tests="4" name="edgeTest" time="20.029" errors="0" timestamp="2023-02-09T16:19:29 IST">
  <testcase classname="TestNGNew.TestNGlinksCombine_New" name="clickOnTermsLink" time="2.874"/>
  <testcase classname="TestNGNew.TestNGlinksCombine_New" name="clickOnPrivacypolicy" time="0.825"/>
  <testcase classname="TestNGNew.TestNGlinksCombine_New" name="clickOnCookiesPolicyLink" time="1.15"/>
  <testcase classname="TestNGNew.TestNGlinksCombine_New" name="signupComplete" time="2.476"/>
</testsuite> <!-- edgeTest -->
