<?xml version="1.0" encoding="UTF-8"?>
<!-- Generated by org.testng.reporters.JUnitXMLReporter -->
<testsuite ignored="0" hostname="abhijet" failures="0" tests="3" name="Test1" time="71.771" errors="0" timestamp="2023-01-26T14:45:30 IST">
  <testcase classname="TestNGNew.TestClassLoginNew" name="test" time="36.292"/>
  <testcase classname="TestNGNew.TestNGPack_forgotNew" name="test" time="0.016"/>
  <testcase classname="TestNGNew.TestNGpack_signinNew" name="test" time="0.017"/>
</testsuite> <!-- Test1 -->
